{"/Users/nathananderson/Sites/repos/fn-queue/src/event-handler.ts": {"path":"/Users/nathananderson/Sites/repos/fn-queue/src/event-handler.ts","statementMap":{"0":{"start":{"line":7,"column":0},"end":{"line":87,"column":0}},"1":{"start":{"line":18,"column":4},"end":{"line":18,"column":21}},"2":{"start":{"line":19,"column":4},"end":{"line":19,"column":40}},"3":{"start":{"line":30,"column":10},"end":{"line":33,"column":3}},"4":{"start":{"line":31,"column":4},"end":{"line":32,"column":20}},"5":{"start":{"line":43,"column":2},"end":{"line":50,"column":3}},"6":{"start":{"line":44,"column":19},"end":{"line":44,"column":41}},"7":{"start":{"line":45,"column":4},"end":{"line":49,"column":5}},"8":{"start":{"line":46,"column":6},"end":{"line":48,"column":7}},"9":{"start":{"line":47,"column":8},"end":{"line":47,"column":41}},"10":{"start":{"line":60,"column":2},"end":{"line":66,"column":3}},"11":{"start":{"line":61,"column":4},"end":{"line":63,"column":5}},"12":{"start":{"line":62,"column":6},"end":{"line":62,"column":34}},"13":{"start":{"line":64,"column":4},"end":{"line":64,"column":42}},"14":{"start":{"line":65,"column":4},"end":{"line":65,"column":36}},"15":{"start":{"line":76,"column":2},"end":{"line":86,"column":3}},"16":{"start":{"line":77,"column":4},"end":{"line":77,"column":38}},"17":{"start":{"line":77,"column":29},"end":{"line":77,"column":36}},"18":{"start":{"line":78,"column":4},"end":{"line":85,"column":5}},"19":{"start":{"line":79,"column":6},"end":{"line":84,"column":7}},"20":{"start":{"line":80,"column":8},"end":{"line":83,"column":9}},"21":{"start":{"line":81,"column":10},"end":{"line":81,"column":46}},"22":{"start":{"line":82,"column":10},"end":{"line":82,"column":16}},"23":{"start":{"line":87,"column":0},"end":{"line":87,"column":1}},"24":{"start":{"line":7,"column":13},"end":{"line":7,"column":25}}},"fnMap":{"0":{"name":"(anonymous_0)","decl":{"start":{"line":7,"column":0},"end":{"line":null,"column":-1}},"loc":{"start":{"line":7,"column":0},"end":{"line":7,"column":-1}}},"1":{"name":"EventHandler","decl":{"start":{"line":17,"column":2},"end":{"line":17,"column":13}},"loc":{"start":{"line":17,"column":25},"end":{"line":20,"column":3}}},"2":{"name":"(anonymous_2)","decl":{"start":{"line":30,"column":2},"end":{"line":null,"column":-1}},"loc":{"start":{"line":30,"column":2},"end":{"line":33,"column":3}}},"3":{"name":"(anonymous_3)","decl":{"start":{"line":43,"column":2},"end":{"line":43,"column":6}},"loc":{"start":{"line":43,"column":36},"end":{"line":50,"column":3}}},"4":{"name":"(anonymous_4)","decl":{"start":{"line":60,"column":2},"end":{"line":60,"column":11}},"loc":{"start":{"line":60,"column":43},"end":{"line":66,"column":3}}},"5":{"name":"(anonymous_5)","decl":{"start":{"line":76,"column":2},"end":{"line":76,"column":13}},"loc":{"start":{"line":76,"column":45},"end":{"line":86,"column":3}}}},"branchMap":{"0":{"loc":{"start":{"line":19,"column":27},"end":{"line":19,"column":32}},"type":"cond-expr","locations":[{"start":{"line":19,"column":27},"end":{"line":19,"column":32}},{"start":{"line":19,"column":35},"end":{"line":19,"column":39}}]},"1":{"loc":{"start":{"line":45,"column":4},"end":{"line":49,"column":5}},"type":"if","locations":[{"start":{"line":45,"column":4},"end":{"line":49,"column":5}},{"start":{"line":45,"column":4},"end":{"line":49,"column":5}}]},"2":{"loc":{"start":{"line":61,"column":4},"end":{"line":63,"column":5}},"type":"if","locations":[{"start":{"line":61,"column":4},"end":{"line":63,"column":5}},{"start":{"line":61,"column":4},"end":{"line":63,"column":5}}]},"3":{"loc":{"start":{"line":77,"column":4},"end":{"line":77,"column":38}},"type":"if","locations":[{"start":{"line":77,"column":4},"end":{"line":77,"column":38}},{"start":{"line":77,"column":4},"end":{"line":77,"column":38}}]},"4":{"loc":{"start":{"line":78,"column":4},"end":{"line":85,"column":5}},"type":"if","locations":[{"start":{"line":78,"column":4},"end":{"line":85,"column":5}},{"start":{"line":78,"column":4},"end":{"line":85,"column":5}}]},"5":{"loc":{"start":{"line":80,"column":8},"end":{"line":83,"column":9}},"type":"if","locations":[{"start":{"line":80,"column":8},"end":{"line":83,"column":9}},{"start":{"line":80,"column":8},"end":{"line":83,"column":9}}]}},"s":{"0":1,"1":13,"2":13,"3":1,"4":12,"5":1,"6":14,"7":14,"8":14,"9":12,"10":1,"11":12,"12":12,"13":12,"14":12,"15":1,"16":10,"17":0,"18":10,"19":10,"20":10,"21":10,"22":10,"23":1,"24":1},"f":{"0":1,"1":13,"2":12,"3":14,"4":12,"5":10},"b":{"0":[11,2],"1":[14,0],"2":[12,0],"3":[0,10],"4":[10,0],"5":[10,0]}}
,"/Users/nathananderson/Sites/repos/fn-queue/src/fn-queue.ts": {"path":"/Users/nathananderson/Sites/repos/fn-queue/src/fn-queue.ts","statementMap":{"0":{"start":{"line":1,"column":0},"end":{"line":1,"column":46}},"1":{"start":{"line":4,"column":13},"end":{"line":7,"column":2}},"2":{"start":{"line":19,"column":0},"end":{"line":146,"column":0}},"3":{"start":{"line":20,"column":10},"end":{"line":20,"column":28}},"4":{"start":{"line":21,"column":10},"end":{"line":21,"column":43}},"5":{"start":{"line":23,"column":10},"end":{"line":23,"column":47}},"6":{"start":{"line":33,"column":4},"end":{"line":33,"column":38}},"7":{"start":{"line":34,"column":4},"end":{"line":34,"column":53}},"8":{"start":{"line":35,"column":4},"end":{"line":35,"column":28}},"9":{"start":{"line":36,"column":4},"end":{"line":38,"column":5}},"10":{"start":{"line":37,"column":6},"end":{"line":37,"column":55}},"11":{"start":{"line":47,"column":2},"end":{"line":49,"column":3}},"12":{"start":{"line":48,"column":4},"end":{"line":48,"column":32}},"13":{"start":{"line":57,"column":2},"end":{"line":61,"column":3}},"14":{"start":{"line":58,"column":4},"end":{"line":60,"column":5}},"15":{"start":{"line":59,"column":6},"end":{"line":59,"column":26}},"16":{"start":{"line":69,"column":2},"end":{"line":74,"column":3}},"17":{"start":{"line":70,"column":4},"end":{"line":70,"column":18}},"18":{"start":{"line":71,"column":4},"end":{"line":73,"column":5}},"19":{"start":{"line":72,"column":6},"end":{"line":72,"column":18}},"20":{"start":{"line":81,"column":2},"end":{"line":97,"column":3}},"21":{"start":{"line":82,"column":4},"end":{"line":82,"column":32}},"22":{"start":{"line":83,"column":4},"end":{"line":85,"column":5}},"23":{"start":{"line":84,"column":6},"end":{"line":84,"column":44}},"24":{"start":{"line":86,"column":4},"end":{"line":90,"column":5}},"25":{"start":{"line":87,"column":6},"end":{"line":87,"column":35}},"26":{"start":{"line":88,"column":6},"end":{"line":88,"column":54}},"27":{"start":{"line":89,"column":6},"end":{"line":89,"column":13}},"28":{"start":{"line":91,"column":4},"end":{"line":91,"column":36}},"29":{"start":{"line":92,"column":23},"end":{"line":92,"column":41}},"30":{"start":{"line":93,"column":15},"end":{"line":93,"column":19}},"31":{"start":{"line":94,"column":4},"end":{"line":96,"column":8}},"32":{"start":{"line":95,"column":6},"end":{"line":95,"column":18}},"33":{"start":{"line":105,"column":10},"end":{"line":110,"column":3}},"34":{"start":{"line":105,"column":2},"end":{"line":110,"column":2}},"35":{"start":{"line":106,"column":4},"end":{"line":109,"column":30}},"36":{"start":{"line":107,"column":6},"end":{"line":107,"column":63}},"37":{"start":{"line":108,"column":6},"end":{"line":108,"column":18}},"38":{"start":{"line":117,"column":2},"end":{"line":119,"column":3}},"39":{"start":{"line":118,"column":4},"end":{"line":118,"column":20}},"40":{"start":{"line":128,"column":2},"end":{"line":130,"column":3}},"41":{"start":{"line":129,"column":4},"end":{"line":129,"column":47}},"42":{"start":{"line":139,"column":2},"end":{"line":145,"column":3}},"43":{"start":{"line":139,"column":2},"end":{"line":145,"column":2}},"44":{"start":{"line":140,"column":17},"end":{"line":143,"column":5}},"45":{"start":{"line":141,"column":6},"end":{"line":141,"column":32}},"46":{"start":{"line":142,"column":6},"end":{"line":142,"column":55}},"47":{"start":{"line":144,"column":4},"end":{"line":144,"column":51}},"48":{"start":{"line":146,"column":0},"end":{"line":146,"column":1}},"49":{"start":{"line":19,"column":13},"end":{"line":19,"column":20}},"50":{"start":{"line":157,"column":0},"end":{"line":163,"column":0}},"51":{"start":{"line":158,"column":12},"end":{"line":158,"column":36}},"52":{"start":{"line":161,"column":4},"end":{"line":161,"column":37}},"53":{"start":{"line":163,"column":0},"end":{"line":163,"column":1}},"54":{"start":{"line":157,"column":22},"end":{"line":157,"column":37}}},"fnMap":{"0":{"name":"(anonymous_0)","decl":{"start":{"line":19,"column":0},"end":{"line":null,"column":-1}},"loc":{"start":{"line":19,"column":0},"end":{"line":19,"column":-1}}},"1":{"name":"FnQueue","decl":{"start":{"line":32,"column":2},"end":{"line":32,"column":13}},"loc":{"start":{"line":32,"column":52},"end":{"line":39,"column":3}}},"2":{"name":"(anonymous_2)","decl":{"start":{"line":47,"column":2},"end":{"line":null,"column":-1}},"loc":{"start":{"line":47,"column":2},"end":{"line":49,"column":3}}},"3":{"name":"(anonymous_3)","decl":{"start":{"line":57,"column":2},"end":{"line":57,"column":6}},"loc":{"start":{"line":57,"column":36},"end":{"line":61,"column":3}}},"4":{"name":"(anonymous_4)","decl":{"start":{"line":69,"column":2},"end":{"line":69,"column":9}},"loc":{"start":{"line":69,"column":40},"end":{"line":74,"column":3}}},"5":{"name":"(anonymous_5)","decl":{"start":{"line":81,"column":2},"end":{"line":null,"column":-1}},"loc":{"start":{"line":81,"column":2},"end":{"line":97,"column":3}}},"6":{"name":"(anonymous_6)","decl":{"start":{"line":94,"column":26},"end":{"line":null,"column":-1}},"loc":{"start":{"line":94,"column":26},"end":{"line":96,"column":5}}},"7":{"name":"(anonymous_7)","decl":{"start":{"line":105,"column":2},"end":{"line":null,"column":-1}},"loc":{"start":{"line":105,"column":2},"end":{"line":110,"column":3}}},"8":{"name":"(anonymous_8)","decl":{"start":{"line":106,"column":41},"end":{"line":null,"column":-1}},"loc":{"start":{"line":106,"column":41},"end":{"line":109,"column":5}}},"9":{"name":"(anonymous_9)","decl":{"start":{"line":117,"column":2},"end":{"line":null,"column":-1}},"loc":{"start":{"line":117,"column":2},"end":{"line":119,"column":3}}},"10":{"name":"(anonymous_10)","decl":{"start":{"line":128,"column":2},"end":{"line":128,"column":4}},"loc":{"start":{"line":128,"column":36},"end":{"line":130,"column":3}}},"11":{"name":"(anonymous_11)","decl":{"start":{"line":139,"column":2},"end":{"line":139,"column":6}},"loc":{"start":{"line":139,"column":38},"end":{"line":145,"column":3}}},"12":{"name":"(anonymous_12)","decl":{"start":{"line":140,"column":17},"end":{"line":140,"column":17}},"loc":{"start":{"line":140,"column":22},"end":{"line":143,"column":5}}},"13":{"name":"(anonymous_13)","decl":{"start":{"line":157,"column":0},"end":{"line":null,"column":-1}},"loc":{"start":{"line":157,"column":0},"end":{"line":157,"column":-1}}},"14":{"name":"FnQueueAbstract","decl":{"start":{"line":160,"column":2},"end":{"line":null,"column":-1}},"loc":{"start":{"line":160,"column":2},"end":{"line":162,"column":3}}}},"branchMap":{"0":{"loc":{"start":{"line":33,"column":27},"end":{"line":33,"column":32}},"type":"cond-expr","locations":[{"start":{"line":33,"column":27},"end":{"line":33,"column":32}},{"start":{"line":33,"column":35},"end":{"line":33,"column":37}}]},"1":{"loc":{"start":{"line":35,"column":14},"end":{"line":35,"column":21}},"type":"binary-expr","locations":[{"start":{"line":35,"column":14},"end":{"line":35,"column":21}},{"start":{"line":35,"column":25},"end":{"line":35,"column":27}}]},"2":{"loc":{"start":{"line":36,"column":4},"end":{"line":38,"column":5}},"type":"if","locations":[{"start":{"line":36,"column":4},"end":{"line":38,"column":5}},{"start":{"line":36,"column":4},"end":{"line":38,"column":5}}]},"3":{"loc":{"start":{"line":58,"column":4},"end":{"line":60,"column":5}},"type":"if","locations":[{"start":{"line":58,"column":4},"end":{"line":60,"column":5}},{"start":{"line":58,"column":4},"end":{"line":60,"column":5}}]},"4":{"loc":{"start":{"line":71,"column":4},"end":{"line":73,"column":5}},"type":"if","locations":[{"start":{"line":71,"column":4},"end":{"line":73,"column":5}},{"start":{"line":71,"column":4},"end":{"line":73,"column":5}}]},"5":{"loc":{"start":{"line":83,"column":4},"end":{"line":85,"column":5}},"type":"if","locations":[{"start":{"line":83,"column":4},"end":{"line":85,"column":5}},{"start":{"line":83,"column":4},"end":{"line":85,"column":5}}]},"6":{"loc":{"start":{"line":86,"column":4},"end":{"line":90,"column":5}},"type":"if","locations":[{"start":{"line":86,"column":4},"end":{"line":90,"column":5}},{"start":{"line":86,"column":4},"end":{"line":90,"column":5}}]}},"s":{"0":1,"1":1,"2":1,"3":10,"4":10,"5":10,"6":10,"7":10,"8":10,"9":10,"10":1,"11":1,"12":3,"13":1,"14":21,"15":20,"16":1,"17":6,"18":6,"19":6,"20":1,"21":23,"22":23,"23":17,"24":23,"25":6,"26":6,"27":6,"28":17,"29":17,"30":17,"31":17,"32":5,"33":1,"34":17,"35":17,"36":1,"37":1,"38":1,"39":1,"40":1,"41":1,"42":1,"43":8,"44":8,"45":8,"46":8,"47":8,"48":1,"49":1,"50":1,"51":1,"52":1,"53":1,"54":1},"f":{"0":1,"1":10,"2":3,"3":21,"4":6,"5":23,"6":5,"7":17,"8":1,"9":1,"10":1,"11":8,"12":8,"13":1,"14":1},"b":{"0":[1,9],"1":[10,9],"2":[1,9],"3":[20,1],"4":[6,0],"5":[17,6],"6":[6,17]}}
,"/Users/nathananderson/Sites/repos/fn-queue/src/index.ts": {"path":"/Users/nathananderson/Sites/repos/fn-queue/src/index.ts","statementMap":{"0":{"start":{"line":1,"column":0},"end":{"line":1,"column":27}}},"fnMap":{},"branchMap":{},"s":{"0":1},"f":{},"b":{}}
}
