{"/Users/nathananderson/Sites/repos/fn-queue/src/fn-queue.ts": {"path":"/Users/nathananderson/Sites/repos/fn-queue/src/fn-queue.ts","statementMap":{"0":{"start":{"line":3,"column":13},"end":{"line":6,"column":2}},"1":{"start":{"line":24,"column":0},"end":{"line":68,"column":0}},"2":{"start":{"line":25,"column":10},"end":{"line":25,"column":28}},"3":{"start":{"line":26,"column":10},"end":{"line":26,"column":43}},"4":{"start":{"line":28,"column":10},"end":{"line":28,"column":47}},"5":{"start":{"line":32,"column":4},"end":{"line":32,"column":42}},"6":{"start":{"line":35,"column":2},"end":{"line":39,"column":3}},"7":{"start":{"line":36,"column":4},"end":{"line":38,"column":5}},"8":{"start":{"line":37,"column":6},"end":{"line":37,"column":26}},"9":{"start":{"line":42,"column":2},"end":{"line":47,"column":3}},"10":{"start":{"line":43,"column":4},"end":{"line":43,"column":18}},"11":{"start":{"line":44,"column":4},"end":{"line":46,"column":5}},"12":{"start":{"line":45,"column":6},"end":{"line":45,"column":18}},"13":{"start":{"line":51,"column":2},"end":{"line":63,"column":3}},"14":{"start":{"line":51,"column":2},"end":{"line":63,"column":2}},"15":{"start":{"line":52,"column":4},"end":{"line":52,"column":32}},"16":{"start":{"line":53,"column":4},"end":{"line":53,"column":74}},"17":{"start":{"line":53,"column":34},"end":{"line":53,"column":72}},"18":{"start":{"line":54,"column":4},"end":{"line":57,"column":5}},"19":{"start":{"line":55,"column":6},"end":{"line":55,"column":35}},"20":{"start":{"line":56,"column":6},"end":{"line":56,"column":13}},"21":{"start":{"line":58,"column":23},"end":{"line":58,"column":41}},"22":{"start":{"line":59,"column":4},"end":{"line":59,"column":25}},"23":{"start":{"line":60,"column":4},"end":{"line":62,"column":30}},"24":{"start":{"line":61,"column":6},"end":{"line":61,"column":18}},"25":{"start":{"line":66,"column":2},"end":{"line":66,"column":11}},"26":{"start":{"line":68,"column":0},"end":{"line":68,"column":1}},"27":{"start":{"line":24,"column":13},"end":{"line":24,"column":27}},"28":{"start":{"line":71,"column":0},"end":{"line":77,"column":0}},"29":{"start":{"line":72,"column":12},"end":{"line":72,"column":43}},"30":{"start":{"line":75,"column":4},"end":{"line":75,"column":44}},"31":{"start":{"line":77,"column":0},"end":{"line":77,"column":1}},"32":{"start":{"line":71,"column":22},"end":{"line":71,"column":29}}},"fnMap":{"0":{"name":"(anonymous_0)","decl":{"start":{"line":24,"column":0},"end":{"line":null,"column":-1}},"loc":{"start":{"line":24,"column":0},"end":{"line":24,"column":-1}}},"1":{"name":"FnQueueService","decl":{"start":{"line":31,"column":2},"end":{"line":31,"column":13}},"loc":{"start":{"line":31,"column":25},"end":{"line":33,"column":3}}},"2":{"name":"(anonymous_2)","decl":{"start":{"line":35,"column":2},"end":{"line":35,"column":6}},"loc":{"start":{"line":35,"column":21},"end":{"line":39,"column":3}}},"3":{"name":"(anonymous_3)","decl":{"start":{"line":42,"column":2},"end":{"line":42,"column":9}},"loc":{"start":{"line":42,"column":24},"end":{"line":47,"column":3}}},"4":{"name":"(anonymous_4)","decl":{"start":{"line":51,"column":2},"end":{"line":null,"column":-1}},"loc":{"start":{"line":51,"column":2},"end":{"line":63,"column":3}}},"5":{"name":"(anonymous_5)","decl":{"start":{"line":60,"column":41},"end":{"line":null,"column":-1}},"loc":{"start":{"line":60,"column":41},"end":{"line":62,"column":5}}},"6":{"name":"(anonymous_6)","decl":{"start":{"line":66,"column":2},"end":{"line":66,"column":9}},"loc":{"start":{"line":66,"column":2},"end":{"line":66,"column":11}}},"7":{"name":"(anonymous_7)","decl":{"start":{"line":71,"column":0},"end":{"line":null,"column":-1}},"loc":{"start":{"line":71,"column":0},"end":{"line":71,"column":-1}}},"8":{"name":"FnQueue","decl":{"start":{"line":74,"column":2},"end":{"line":null,"column":-1}},"loc":{"start":{"line":74,"column":2},"end":{"line":76,"column":3}}}},"branchMap":{"0":{"loc":{"start":{"line":32,"column":27},"end":{"line":32,"column":32}},"type":"cond-expr","locations":[{"start":{"line":32,"column":27},"end":{"line":32,"column":32}},{"start":{"line":32,"column":35},"end":{"line":32,"column":41}}]},"1":{"loc":{"start":{"line":36,"column":4},"end":{"line":38,"column":5}},"type":"if","locations":[{"start":{"line":36,"column":4},"end":{"line":38,"column":5}},{"start":{"line":36,"column":4},"end":{"line":38,"column":5}}]},"2":{"loc":{"start":{"line":44,"column":4},"end":{"line":46,"column":5}},"type":"if","locations":[{"start":{"line":44,"column":4},"end":{"line":46,"column":5}},{"start":{"line":44,"column":4},"end":{"line":46,"column":5}}]},"3":{"loc":{"start":{"line":53,"column":4},"end":{"line":53,"column":74}},"type":"if","locations":[{"start":{"line":53,"column":4},"end":{"line":53,"column":74}},{"start":{"line":53,"column":4},"end":{"line":53,"column":74}}]},"4":{"loc":{"start":{"line":54,"column":4},"end":{"line":57,"column":5}},"type":"if","locations":[{"start":{"line":54,"column":4},"end":{"line":57,"column":5}},{"start":{"line":54,"column":4},"end":{"line":57,"column":5}}]}},"s":{"0":1,"1":1,"2":1,"3":1,"4":1,"5":1,"6":1,"7":10,"8":10,"9":1,"10":10,"11":10,"12":1,"13":1,"14":11,"15":11,"16":11,"17":10,"18":11,"19":1,"20":1,"21":10,"22":10,"23":10,"24":0,"25":1,"26":1,"27":1,"28":1,"29":1,"30":1,"31":1,"32":1},"f":{"0":1,"1":1,"2":10,"3":10,"4":11,"5":0,"6":0,"7":1,"8":1},"b":{"0":[1,0],"1":[10,0],"2":[1,9],"3":[10,1],"4":[1,10]}}
,"/Users/nathananderson/Sites/repos/fn-queue/src/index.ts": {"path":"/Users/nathananderson/Sites/repos/fn-queue/src/index.ts","statementMap":{"0":{"start":{"line":1,"column":0},"end":{"line":1,"column":27}}},"fnMap":{},"branchMap":{},"s":{"0":1},"f":{},"b":{}}
}
